14:18:17: Creating resource group General
14:18:17: Creating resource group Internal
14:18:17: Creating resource group Autodetect
14:18:17: Registering ResourceManager for type Mesh
14:18:17: Registering ResourceManager for type Material
14:18:17: Registering ResourceManager for type Skeleton
14:18:17: XMLMeshSerializer reading mesh data from Rosie.mesh.xml...
14:18:17: Reading geometry...
14:18:17: Geometry done...
14:18:17: Reading submeshes...
14:18:17: Submeshes done.
14:18:17: Reading mesh names...
14:18:17: Mesh names done.
14:18:17: XMLMeshSerializer import successful.
14:18:17: Reorganising vertex buffers to automatic layout...
14:18:17: MeshSerializer writing mesh data to stream ...
14:18:17: File header written.
14:18:17: Writing mesh data...
14:18:17: Writing submesh...
14:18:17: Exporting submesh texture aliases...
14:18:17: Submesh texture aliases exported.
14:18:17: Submesh exported.
14:18:17: Exporting bounds information....
14:18:17: Bounds information exported.
14:18:17: Exporting submesh name table...
14:18:17: Submesh name table exported.
14:18:17: Exporting edge lists...
14:18:17: Edge lists exported
14:18:17: Mesh data exported.
14:18:17: MeshSerializer export successful.
14:18:17: Unregistering ResourceManager for type Skeleton
14:18:17: Unregistering ResourceManager for type Material
14:18:17: Unregistering ResourceManager for type Mesh
